2024-12-13 11:19:48,525 - ERROR - Error getting latest entry date: {'message': 'Invalid API key', 'hint': 'Double check your Supabase `anon` or `service_role` API key.'}
2024-12-13 11:19:49,029 - ERROR - Error fetching RSS from https://notesfrompoland.com/feed/: {'message': 'Invalid API key', 'hint': 'Double check your Supabase `anon` or `service_role` API key.'}
2024-12-13 11:19:49,081 - ERROR - Error getting latest entry date: {'message': 'Invalid API key', 'hint': 'Double check your Supabase `anon` or `service_role` API key.'}
2024-12-13 11:19:49,426 - ERROR - Error fetching RSS from https://defence24.pl/_RSS: {'message': 'Invalid API key', 'hint': 'Double check your Supabase `anon` or `service_role` API key.'}
2024-12-13 11:19:49,476 - ERROR - Error fetching untranslated entries: {'message': 'Invalid API key', 'hint': 'Double check your Supabase `anon` or `service_role` API key.'}
2024-12-13 11:19:49,477 - INFO - No more entries to translate
2024-12-13 11:19:49,518 - ERROR - Error fetching unsummarized entries: {'message': 'Invalid API key', 'hint': 'Double check your Supabase `anon` or `service_role` API key.'}
2024-12-13 11:19:49,519 - INFO - No more entries to summarize
2024-12-13 11:21:32,831 - ERROR - Error getting latest entry date: {'message': 'Invalid API key', 'hint': 'Double check your Supabase `anon` or `service_role` API key.'}
2024-12-13 11:21:33,212 - ERROR - Error fetching RSS from https://notesfrompoland.com/feed/: {'message': 'Invalid API key', 'hint': 'Double check your Supabase `anon` or `service_role` API key.'}
2024-12-13 11:21:33,250 - ERROR - Error getting latest entry date: {'message': 'Invalid API key', 'hint': 'Double check your Supabase `anon` or `service_role` API key.'}
2024-12-13 11:21:33,556 - ERROR - Error fetching RSS from https://defence24.pl/_RSS: {'message': 'Invalid API key', 'hint': 'Double check your Supabase `anon` or `service_role` API key.'}
2024-12-13 11:21:33,604 - ERROR - Error fetching untranslated entries: {'message': 'Invalid API key', 'hint': 'Double check your Supabase `anon` or `service_role` API key.'}
2024-12-13 11:21:33,605 - INFO - No more entries to translate
2024-12-13 11:21:33,641 - ERROR - Error fetching unsummarized entries: {'message': 'Invalid API key', 'hint': 'Double check your Supabase `anon` or `service_role` API key.'}
2024-12-13 11:21:33,642 - INFO - No more entries to summarize
2024-12-13 11:23:40,302 - INFO - No more entries to translate
2024-12-13 11:23:42,601 - INFO - Summarized entry 133
2024-12-13 11:23:43,738 - INFO - Summarized entry 134
2024-12-13 11:23:49,992 - INFO - Summarized entry 136
2024-12-13 11:23:54,633 - INFO - Summarized entry 137
2024-12-13 11:23:56,818 - INFO - Summarized entry 139
2024-12-13 11:24:00,236 - INFO - Summarized entry 142
2024-12-13 11:24:03,024 - INFO - Summarized entry 143
2024-12-13 11:24:04,520 - INFO - Summarized entry 144
2024-12-13 11:24:04,599 - WARNING - Error in summarization: API error occurred: Status 429
{"message":"Requests rate limit exceeded"}, retrying in 30s (attempt 1/3)
2024-12-13 11:24:38,136 - INFO - Summarized entry 146
2024-12-13 11:24:40,178 - INFO - Summarized entry 148
2024-12-13 11:24:41,925 - INFO - Summarized entry 149
2024-12-13 11:24:42,810 - INFO - Summarized entry 150
2024-12-13 11:24:44,359 - INFO - Summarized entry 151
2024-12-13 11:24:44,448 - WARNING - Error in summarization: API error occurred: Status 429
{"message":"Requests rate limit exceeded"}, retrying in 30s (attempt 1/3)
2024-12-13 11:25:18,161 - INFO - Summarized entry 152
2024-12-13 11:25:22,484 - INFO - Summarized entry 153
2024-12-13 11:25:24,710 - INFO - Summarized entry 154
2024-12-13 11:25:27,960 - INFO - Summarized entry 156
2024-12-13 11:25:29,793 - INFO - Summarized entry 157
2024-12-13 11:25:32,564 - INFO - Summarized entry 158
2024-12-13 11:25:35,224 - INFO - Summarized entry 160
2024-12-13 11:25:37,291 - INFO - Summarized entry 163
2024-12-13 11:25:49,759 - INFO - No more entries to translate
2024-12-13 11:25:52,296 - INFO - Summarized entry 164
2024-12-13 11:25:57,904 - INFO - Summarized entry 165
2024-12-13 11:26:04,837 - INFO - Summarized entry 167
2024-12-13 11:26:10,887 - INFO - Summarized entry 168
2024-12-13 11:26:15,393 - INFO - Summarized entry 170
2024-12-13 11:26:19,848 - INFO - Summarized entry 171
2024-12-13 11:26:24,363 - INFO - Summarized entry 172
2024-12-13 11:26:29,705 - INFO - Summarized entry 173
2024-12-13 11:26:35,859 - INFO - Summarized entry 174
2024-12-13 11:26:40,231 - INFO - Summarized entry 135
2024-12-13 11:26:45,510 - INFO - Summarized entry 138
2024-12-13 11:26:51,404 - INFO - Summarized entry 140
2024-12-13 11:26:57,362 - INFO - Summarized entry 141
2024-12-13 11:27:02,600 - INFO - Summarized entry 175
2024-12-13 11:27:08,519 - INFO - Summarized entry 176
2024-12-13 11:27:13,481 - INFO - Summarized entry 145
2024-12-13 11:27:19,992 - INFO - Summarized entry 147
2024-12-13 11:27:27,013 - INFO - Summarized entry 155
2024-12-13 11:27:31,539 - INFO - Summarized entry 159
2024-12-13 11:27:35,530 - INFO - Summarized entry 161
2024-12-13 11:27:38,712 - WARNING - Rate limit hit, waiting 30 seconds before retry (attempt 2/3)
2024-12-13 11:28:12,510 - INFO - Summarized entry 162
2024-12-13 11:28:15,584 - WARNING - Rate limit hit, waiting 30 seconds before retry (attempt 2/3)
2024-12-13 11:28:45,801 - WARNING - Rate limit hit, waiting 60 seconds before retry (attempt 3/3)
2024-12-13 11:29:51,024 - INFO - Summarized entry 166
2024-12-13 11:29:56,966 - INFO - Summarized entry 169
2024-12-13 11:29:59,052 - INFO - No more entries to summarize
2024-12-13 11:30:13,113 - INFO - No more entries to translate
2024-12-13 11:30:13,195 - INFO - No more entries to summarize
